<?xml version="1.0" encoding="UTF-8"?>
<testng-results ignored="0" total="2" passed="1" failed="1" skipped="0">
  <reporter-output>
  </reporter-output>
  <suite started-at="2025-07-24T18:01:49 IST" name="Web Suite Local" finished-at="2025-07-24T18:02:36 IST" duration-ms="46681">
    <groups>
    </groups>
    <test started-at="2025-07-24T18:01:49 IST" name="Test" finished-at="2025-07-24T18:02:36 IST" duration-ms="46681">
      <class name="testscripts.basictest">
        <test-method is-config="true" signature="getDriverBasedOnPlatformAndBrowser(java.lang.String,java.lang.String)[pri:0, instance:testscripts.basictest@2de56eb2]" started-at="2025-07-24T18:01:49 IST" name="getDriverBasedOnPlatformAndBrowser" finished-at="2025-07-24T18:01:51 IST" duration-ms="2127" status="PASS">
          <params>
            <param index="0">
              <value>
                <![CDATA[local]]>
              </value>
            </param>
            <param index="1">
              <value>
                <![CDATA[chrome]]>
              </value>
            </param>
          </params>
          <reporter-output>
          </reporter-output>
        </test-method> <!-- getDriverBasedOnPlatformAndBrowser -->
        <test-method is-config="true" signature="getDriverBasedOnPlatformAndBrowser(java.lang.String,java.lang.String)[pri:0, instance:testscripts.basictest@2de56eb2]" started-at="2025-07-24T18:01:49 IST" name="getDriverBasedOnPlatformAndBrowser" finished-at="2025-07-24T18:01:52 IST" duration-ms="2680" status="PASS">
          <params>
            <param index="0">
              <value>
                <![CDATA[local]]>
              </value>
            </param>
            <param index="1">
              <value>
                <![CDATA[chrome]]>
              </value>
            </param>
          </params>
          <reporter-output>
          </reporter-output>
        </test-method> <!-- getDriverBasedOnPlatformAndBrowser -->
        <test-method signature="testCase2()[pri:0, instance:testscripts.basictest@2de56eb2]" started-at="2025-07-24T18:01:51 IST" name="testCase2" finished-at="2025-07-24T18:02:32 IST" duration-ms="40495" status="FAIL">
          <exception class="java.lang.Exception">
            <message>
              <![CDATA[Failed test case with reason]]>
            </message>
            <full-stacktrace>
              <![CDATA[java.lang.Exception: Failed test case with reason
at com.project.config.ER.Fail(ER.java:55)
at testscripts.basictest.testCase2(basictest.java:43)
at java.base/jdk.internal.reflect.NativeMethodAccessorImpl.invoke0(Native Method)
at java.base/jdk.internal.reflect.NativeMethodAccessorImpl.invoke(NativeMethodAccessorImpl.java:77)
at java.base/jdk.internal.reflect.DelegatingMethodAccessorImpl.invoke(DelegatingMethodAccessorImpl.java:43)
at java.base/java.lang.reflect.Method.invoke(Method.java:568)
at org.testng.internal.invokers.MethodInvocationHelper.invokeMethod(MethodInvocationHelper.java:141)
at org.testng.internal.invokers.TestInvoker.invokeMethod(TestInvoker.java:686)
at org.testng.internal.invokers.TestInvoker.invokeTestMethod(TestInvoker.java:230)
at org.testng.internal.invokers.MethodRunner.runInSequence(MethodRunner.java:63)
at org.testng.internal.invokers.TestInvoker$MethodInvocationAgent.invoke(TestInvoker.java:992)
at org.testng.internal.invokers.TestInvoker.invokeTestMethods(TestInvoker.java:203)
at org.testng.internal.invokers.TestMethodWorker.invokeTestMethods(TestMethodWorker.java:154)
at org.testng.internal.invokers.TestMethodWorker.run(TestMethodWorker.java:134)
at java.base/java.util.concurrent.Executors$RunnableAdapter.call(Executors.java:539)
at java.base/java.util.concurrent.FutureTask.run(FutureTask.java:264)
at org.testng.internal.thread.graph.TestNGFutureTask.run(TestNGFutureTask.java:22)
at java.base/java.util.concurrent.ThreadPoolExecutor.runWorker(ThreadPoolExecutor.java:1136)
at java.base/java.util.concurrent.ThreadPoolExecutor$Worker.run(ThreadPoolExecutor.java:635)
at java.base/java.lang.Thread.run(Thread.java:833)
]]>
            </full-stacktrace>
          </exception> <!-- java.lang.Exception -->
          <reporter-output>
          </reporter-output>
        </test-method> <!-- testCase2 -->
        <test-method signature="testCase1()[pri:0, instance:testscripts.basictest@2de56eb2]" started-at="2025-07-24T18:01:52 IST" name="testCase1" finished-at="2025-07-24T18:02:36 IST" duration-ms="43737" status="PASS">
          <reporter-output>
          </reporter-output>
        </test-method> <!-- testCase1 -->
        <test-method is-config="true" signature="closeBrowser()[pri:0, instance:testscripts.basictest@2de56eb2]" started-at="2025-07-24T18:02:32 IST" name="closeBrowser" finished-at="2025-07-24T18:02:32 IST" duration-ms="472" status="PASS">
          <reporter-output>
          </reporter-output>
        </test-method> <!-- closeBrowser -->
        <test-method is-config="true" signature="closeBrowser()[pri:0, instance:testscripts.basictest@2de56eb2]" started-at="2025-07-24T18:02:36 IST" name="closeBrowser" finished-at="2025-07-24T18:02:36 IST" duration-ms="193" status="PASS">
          <reporter-output>
          </reporter-output>
        </test-method> <!-- closeBrowser -->
      </class> <!-- testscripts.basictest -->
    </test> <!-- Test -->
  </suite> <!-- Web Suite Local -->
</testng-results>
